VirtualBox XPCOM Server 5.2.22 r126257 linux.amd64 (Nov  9 2018 11:16:45) release log
00:00:00.000177 main     Log opened 2018-12-15T11:08:19.334387000Z
00:00:00.000178 main     Build Type: release
00:00:00.000180 main     OS Product: Linux
00:00:00.000181 main     OS Release: 4.19.8-arch1-1-ARCH
00:00:00.000182 main     OS Version: #1 SMP PREEMPT Sat Dec 8 13:49:11 UTC 2018
00:00:00.000198 main     DMI Product Name: Inspiron 5567
00:00:00.000204 main     DMI Product Version: 
00:00:00.000234 main     Host RAM: 7874MB (7.6GB) total, 6748MB (6.5GB) available
00:00:00.000237 main     Executable: /usr/lib/virtualbox/VBoxSVC
00:00:00.000237 main     Process ID: 2550
00:00:00.000238 main     Package type: LINUX_64BITS_GENERIC (OSE)
00:00:00.001726 main     IPC socket path: /tmp/.vbox-banbeucmas-ipc/ipcd
00:00:00.107324 nspr-2   VirtualBox: object creation starts
00:00:00.107492 nspr-2   Home directory: '/home/banbeucmas/.config/VirtualBox'
00:00:00.107797 nspr-2   Loading settings file "/home/banbeucmas/.config/VirtualBox/VirtualBox.xml" with version "1.12-linux"
00:00:00.111562 nspr-2   USB: Unknown USB device detected (idVendor: 0x8087, idProduct: 0x0a2a)
00:00:00.111718 nspr-2   Successfully initialised host USB using sysfs
00:00:00.133023 nspr-2   NAT: resolv.conf: nameserver 192.168.1.1
00:00:00.133099 nspr-2   HostDnsMonitor: old information
00:00:00.133113 nspr-2     no server entries
00:00:00.133125 nspr-2     no domain set
00:00:00.133134 nspr-2     no search string entries
00:00:00.133145 nspr-2   HostDnsMonitor: new information
00:00:00.133155 nspr-2     server 1: 192.168.1.1
00:00:00.133168 nspr-2     no domain set
00:00:00.133177 nspr-2     no search string entries
00:00:00.133192 nspr-2   HostDnsMonitorProxy::notify
00:00:00.141655 nspr-2   VD: VDInit finished with VINF_SUCCESS
00:00:00.141788 nspr-2   ERROR [COM]: aRC=NS_ERROR_FAILURE (0x80004005) aIID={0eb668d2-495e-5a36-8890-29999b5f030c} aComponent={SystemPropertiesWrap} aText={Cannot determine default Guest Additions ISO location. Most likely they are not available}, preserve=false aResultDetail=0
00:00:00.148353 nspr-2   ERROR [COM]: aRC=NS_ERROR_FAILURE (0x80004005) aIID={85cd948e-a71f-4289-281e-0ca7ad48cd89} aComponent={MachineWrap} aText={Runtime error opening '/home/banbeucmas/VirtualBox VMs/Windows 7/Windows 7.vbox' for reading: -102 (File not found.).
00:00:00.148364 nspr-2   /build/virtualbox/src/VirtualBox-5.2.22/src/VBox/Main/src-server/MachineImpl.cpp[743] (nsresult Machine::i_registeredInit())}, preserve=false aResultDetail=0
00:00:00.152631 nspr-2   VirtualBox: object created
00:00:00.225609 nspr-2   ERROR [COM]: aRC=NS_ERROR_FAILURE (0x80004005) aIID={85cd948e-a71f-4289-281e-0ca7ad48cd89} aComponent={MachineWrap} aText={Runtime error opening '/home/banbeucmas/VirtualBox VMs/Windows 7/Windows 7.vbox' for reading: -102 (File not found.).
00:00:00.225614 nspr-2   /build/virtualbox/src/VirtualBox-5.2.22/src/VBox/Main/src-server/MachineImpl.cpp[743] (nsresult Machine::i_registeredInit())}, preserve=false aResultDetail=0
00:00:00.225873 nspr-2   ERROR [COM]: aRC=NS_ERROR_FAILURE (0x80004005) aIID={85cd948e-a71f-4289-281e-0ca7ad48cd89} aComponent={MachineWrap} aText={Runtime error opening '/home/banbeucmas/VirtualBox VMs/Windows 7/Windows 7.vbox' for reading: -102 (File not found.).
00:00:00.225877 nspr-2   /build/virtualbox/src/VirtualBox-5.2.22/src/VBox/Main/src-server/MachineImpl.cpp[743] (nsresult Machine::i_registeredInit())}, preserve=false aResultDetail=0
00:00:00.226419 nspr-2   ERROR [COM]: aRC=NS_ERROR_FAILURE (0x80004005) aIID={85cd948e-a71f-4289-281e-0ca7ad48cd89} aComponent={MachineWrap} aText={Runtime error opening '/home/banbeucmas/VirtualBox VMs/Windows 7/Windows 7.vbox' for reading: -102 (File not found.).
00:00:00.226423 nspr-2   /build/virtualbox/src/VirtualBox-5.2.22/src/VBox/Main/src-server/MachineImpl.cpp[743] (nsresult Machine::i_registeredInit())}, preserve=false aResultDetail=0
00:00:00.229867 nspr-2   ERROR [COM]: aRC=E_ACCESSDENIED (0x80070005) aIID={85cd948e-a71f-4289-281e-0ca7ad48cd89} aComponent={MachineWrap} aText={The object functionality is limited}, preserve=false aResultDetail=0
00:00:00.229903 nspr-2   ERROR [COM]: aRC=VBOX_E_OBJECT_NOT_FOUND (0x80bb0001) aIID={9570b9d5-f1a1-448a-10c5-e12f5285adad} aComponent={VirtualBoxWrap} aText={Could not find a registered machine named 'Windows 7'}, preserve=false aResultDetail=0
00:00:03.416541 nspr-3   ERROR [COM]: aRC=NS_ERROR_FAILURE (0x80004005) aIID={85cd948e-a71f-4289-281e-0ca7ad48cd89} aComponent={MachineWrap} aText={Runtime error opening '/home/banbeucmas/VirtualBox VMs/Windows 7/Windows 7.vbox' for reading: -102 (File not found.).
00:00:03.416548 nspr-3   /build/virtualbox/src/VirtualBox-5.2.22/src/VBox/Main/src-server/MachineImpl.cpp[743] (nsresult Machine::i_registeredInit())}, preserve=false aResultDetail=0
00:00:06.904066 nspr-2   Saving settings file "/home/banbeucmas/.config/VirtualBox/VirtualBox.xml" with version "1.12-linux"
00:00:06.986459 nspr-2   Saving settings file "/home/banbeucmas/.config/VirtualBox/VirtualBox.xml" with version "1.12-linux"
00:00:09.918801 nspr-3   ERROR [COM]: aRC=NS_ERROR_FAILURE (0x80004005) aIID={85cd948e-a71f-4289-281e-0ca7ad48cd89} aComponent={MachineWrap} aText={Runtime error opening '/home/banbeucmas/VirtualBox VMs/Windows 7/Windows 7.vbox' for reading: -102 (File not found.).
00:00:09.918807 nspr-3   /build/virtualbox/src/VirtualBox-5.2.22/src/VBox/Main/src-server/MachineImpl.cpp[743] (nsresult Machine::i_registeredInit())}, preserve=false aResultDetail=0
00:00:09.919065 nspr-3   ERROR [COM]: aRC=NS_ERROR_FAILURE (0x80004005) aIID={85cd948e-a71f-4289-281e-0ca7ad48cd89} aComponent={MachineWrap} aText={Runtime error opening '/home/banbeucmas/VirtualBox VMs/Windows 7/Windows 7.vbox' for reading: -102 (File not found.).
00:00:09.919070 nspr-3   /build/virtualbox/src/VirtualBox-5.2.22/src/VBox/Main/src-server/MachineImpl.cpp[743] (nsresult Machine::i_registeredInit())}, preserve=false aResultDetail=0
00:00:09.919628 nspr-3   ERROR [COM]: aRC=NS_ERROR_FAILURE (0x80004005) aIID={85cd948e-a71f-4289-281e-0ca7ad48cd89} aComponent={MachineWrap} aText={Runtime error opening '/home/banbeucmas/VirtualBox VMs/Windows 7/Windows 7.vbox' for reading: -102 (File not found.).
00:00:09.919632 nspr-3   /build/virtualbox/src/VirtualBox-5.2.22/src/VBox/Main/src-server/MachineImpl.cpp[743] (nsresult Machine::i_registeredInit())}, preserve=false aResultDetail=0
00:00:09.922395 nspr-3   ERROR [COM]: aRC=E_ACCESSDENIED (0x80070005) aIID={85cd948e-a71f-4289-281e-0ca7ad48cd89} aComponent={MachineWrap} aText={The object functionality is limited}, preserve=false aResultDetail=0
00:00:09.922412 nspr-3   ERROR [COM]: aRC=VBOX_E_OBJECT_NOT_FOUND (0x80bb0001) aIID={9570b9d5-f1a1-448a-10c5-e12f5285adad} aComponent={VirtualBoxWrap} aText={Could not find a registered machine named 'Windows 7'}, preserve=false aResultDetail=0
00:00:12.177223 nspr-3   ERROR [COM]: aRC=NS_ERROR_FAILURE (0x80004005) aIID={85cd948e-a71f-4289-281e-0ca7ad48cd89} aComponent={MachineWrap} aText={Runtime error opening '/home/banbeucmas/VirtualBox VMs/Windows 7/Windows 7.vbox' for reading: -102 (File not found.).
00:00:12.177238 nspr-3   /build/virtualbox/src/VirtualBox-5.2.22/src/VBox/Main/src-server/MachineImpl.cpp[743] (nsresult Machine::i_registeredInit())}, preserve=false aResultDetail=0
00:00:16.131664 nspr-3   Saving settings file "/home/banbeucmas/.config/VirtualBox/VirtualBox.xml" with version "1.12-linux"
00:00:34.065320 nspr-2   Saving settings file "/home/banbeucmas/.config/VirtualBox/VirtualBox.xml" with version "1.12-linux"
00:00:34.156623 nspr-2   Saving settings file "/home/banbeucmas/.config/VirtualBox/VirtualBox.xml" with version "1.12-linux"
00:00:39.737434 main     VirtualBox: object deletion starts
00:00:40.162379 Watcher  ERROR [COM]: aRC=E_ACCESSDENIED (0x80070005) aIID={9570b9d5-f1a1-448a-10c5-e12f5285adad} aComponent={VirtualBoxWrap} aText={The object is not ready}, preserve=false aResultDetail=0
00:00:44.751486 main     {00007f0c080198c0} HostPowerServiceLinux::~HostPowerServiceLinux: RTThreadWait() for 5000 ms failed with VERR_TIMEOUT
00:00:44.752018 main     VirtualBox: object deleted
