[2018-12-21 13:33:00.497] [exthost] [info] extension host started
[2018-12-21 13:33:00.506] [exthost] [info] ExtensionService#_doActivateExtension vscode.debug-auto-launch {"startup":true,"activationEvent":"*"}
[2018-12-21 13:33:00.506] [exthost] [info] ExtensionService#loadCommonJSModule /opt/visual-studio-code/resources/app/extensions/debug-auto-launch/dist/extension
[2018-12-21 13:33:00.509] [exthost] [info] ExtensionService#_doActivateExtension vscode.emmet {"startup":true,"activationEvent":"*"}
[2018-12-21 13:33:00.509] [exthost] [info] ExtensionService#loadCommonJSModule /opt/visual-studio-code/resources/app/extensions/emmet/dist/extension
[2018-12-21 13:33:00.530] [exthost] [info] ExtensionService#_doActivateExtension vscode.git {"startup":true,"activationEvent":"*"}
[2018-12-21 13:33:00.530] [exthost] [info] ExtensionService#loadCommonJSModule /opt/visual-studio-code/resources/app/extensions/git/dist/main
[2018-12-21 13:33:00.577] [exthost] [info] ExtensionService#_doActivateExtension vscode.merge-conflict {"startup":true,"activationEvent":"*"}
[2018-12-21 13:33:00.577] [exthost] [info] ExtensionService#loadCommonJSModule /opt/visual-studio-code/resources/app/extensions/merge-conflict/dist/extension
[2018-12-21 13:33:00.586] [exthost] [info] eager extensions activated
[2018-12-21 13:33:11.160] [exthost] [info] extension host started
[2018-12-21 13:33:11.170] [exthost] [info] ExtensionService#_doActivateExtension vscode.debug-auto-launch {"startup":true,"activationEvent":"*"}
[2018-12-21 13:33:11.170] [exthost] [info] ExtensionService#loadCommonJSModule /opt/visual-studio-code/resources/app/extensions/debug-auto-launch/dist/extension
[2018-12-21 13:33:11.172] [exthost] [info] ExtensionService#_doActivateExtension vscode.emmet {"startup":true,"activationEvent":"*"}
[2018-12-21 13:33:11.172] [exthost] [info] ExtensionService#loadCommonJSModule /opt/visual-studio-code/resources/app/extensions/emmet/dist/extension
[2018-12-21 13:33:11.175] [exthost] [info] ExtensionService#_doActivateExtension vscode.git {"startup":true,"activationEvent":"*"}
[2018-12-21 13:33:11.175] [exthost] [info] ExtensionService#loadCommonJSModule /opt/visual-studio-code/resources/app/extensions/git/dist/main
[2018-12-21 13:33:11.192] [exthost] [info] ExtensionService#_doActivateExtension vscode.merge-conflict {"startup":true,"activationEvent":"*"}
[2018-12-21 13:33:11.192] [exthost] [info] ExtensionService#loadCommonJSModule /opt/visual-studio-code/resources/app/extensions/merge-conflict/dist/extension
[2018-12-21 13:33:11.198] [exthost] [info] eager extensions activated
